<?xml version="1.0" encoding="UTF-8"?>
<testsuite xmlns:xsi="http://www.w3.org/2001/XMLSchema-instance" xsi:noNamespaceSchemaLocation="https://maven.apache.org/surefire/maven-surefire-plugin/xsd/surefire-test-report.xsd" name="DTOTests.UserDTOTest" time="0.045" tests="3" errors="0" skipped="0" failures="0">
  <properties>
[...]
</properties>
  <testcase name="contains_test" classname="DTOTests.UserDTOTest" time="0.045"/>
  <testcase name="test_userDTO_isEqual" classname="DTOTests.UserDTOTest" time="0.002"/>
  <testcase name="test_userDTO_equality" classname="DTOTests.UserDTOTest" time="0.002"/>
</testsuite>