<?xml version="1.0" encoding="UTF-8"?>
<testsuite name="server.service.UserServiceImplTest" time="0.158" tests="7" errors="0" skipped="0" failures="0">
  <properties>
[...]
</properties>
  <testcase name="getUserByUsername_ShouldReturnUser" classname="server.service.UserServiceImplTest" time="0"/>
  <testcase name="getNonexistentUserByUsername_ShouldThrow" classname="server.service.UserServiceImplTest" time="0.001"/>
  <testcase name="addUser_ShouldAddUser" classname="server.service.UserServiceImplTest" time="0.024"/>
  <testcase name="getAllUsers_ShouldReturnUsers" classname="server.service.UserServiceImplTest" time="0.001"/>
  <testcase name="addUserWithDuplicateName_ShouldThrow" classname="server.service.UserServiceImplTest" time="0.131"/>
  <testcase name="getNonexistentUserById_ShouldThrow" classname="server.service.UserServiceImplTest" time="0.001"/>
  <testcase name="getUserById_ShouldReturnUser" classname="server.service.UserServiceImplTest" time="0"/>
</testsuite>